++ pwd
+ PATH=/usr/lib64/qt-3.3/bin:/opt/rh/llvm-toolset-7/root/usr/bin:/opt/rh/llvm-toolset-7/root/usr/sbin:/opt/rh/devtoolset-8/root/usr/bin:/usr/local/bin:/usr/bin:/usr/local/sbin:/usr/sbin:/usr/local/texlive/2017/bin/x86_64-linux:/usr/local/codebench/bin:/afs/cats.ucsc.edu/users/a/nbasara/bin:.:/afs/cats.ucsc.edu/courses/cse112-wm/usr/racket/bin:/afs/cats.ucsc.edu/courses/cse112-wm/bin:/afs/cats.ucsc.edu/courses/cse112-wm/bin/:/afs/cats.ucsc.edu/users/a/nbasara/cse112/asg4/.score
+ export PATH
++ pwd
+ for dir in '$(pwd)/test*'
+ cd /afs/cats.ucsc.edu/users/a/nbasara/cse112/asg4/.score/test0
+ pwd
/afs/cats.ucsc.edu/users/a/nbasara/cse112/asg4/.score/test0
+ sh mk.test
@ echo foo - command not echoed
pmake: Can't exec "@": No such file or directory at /afs/cats.ucsc.edu/users/a/nbasara/cse112/asg4/.score/pmake line 323.
pmake: [***] Error -1 (ignored)
@ echo bar - command not echoed
pmake: Can't exec "@": No such file or directory at /afs/cats.ucsc.edu/users/a/nbasara/cse112/asg4/.score/pmake line 323.
pmake: [***] Error -1 (ignored)
echo all - command 'IS' echoed
all - command IS echoed
+ for dir in '$(pwd)/test*'
+ cd /afs/cats.ucsc.edu/users/a/nbasara/cse112/asg4/.score/test1
+ pwd
/afs/cats.ucsc.edu/users/a/nbasara/cse112/asg4/.score/test1
+ sh mk.test
rm: cannot remove ‘hello’: No such file or directory
+ for dir in '$(pwd)/test*'
+ cd /afs/cats.ucsc.edu/users/a/nbasara/cse112/asg4/.score/test2
+ pwd
/afs/cats.ucsc.edu/users/a/nbasara/cse112/asg4/.score/test2
+ sh mk.test
rm: cannot remove ‘hello’: No such file or directory
+ for dir in '$(pwd)/test*'
+ cd /afs/cats.ucsc.edu/users/a/nbasara/cse112/asg4/.score/test3
+ pwd
/afs/cats.ucsc.edu/users/a/nbasara/cse112/asg4/.score/test3
+ sh mk.test
rm: cannot remove ‘hello’: No such file or directory
+ for dir in '$(pwd)/test*'
+ cd /afs/cats.ucsc.edu/users/a/nbasara/cse112/asg4/.score/test4
+ pwd
/afs/cats.ucsc.edu/users/a/nbasara/cse112/asg4/.score/test4
+ sh mk.test
rm: cannot remove ‘hello’: No such file or directory
